[debug] [2021-01-12T08:48:12.370Z] ----------------------------------------------------------------------
[debug] [2021-01-12T08:48:12.374Z] Command:       C:\Users\HP\DOWNLO~1\firebase-tools-instant-win.exe C:\Users\HP\.cache\firebase\tools\lib\node_modules\firebase-tools\lib\bin\firebase init
[debug] [2021-01-12T08:48:12.375Z] CLI Version:   9.1.2
[debug] [2021-01-12T08:48:12.375Z] Platform:      win32
[debug] [2021-01-12T08:48:12.375Z] Node Version:  v12.18.1
[debug] [2021-01-12T08:48:12.376Z] Time:          Tue Jan 12 2021 13:48:12 GMT+0500 (Pakistan Standard Time)
[debug] [2021-01-12T08:48:12.376Z] ----------------------------------------------------------------------
[debug] [2021-01-12T08:48:12.377Z] 
[debug] [2021-01-12T08:48:12.386Z] > command requires scopes: ["email","openid","https://www.googleapis.com/auth/cloudplatformprojects.readonly","https://www.googleapis.com/auth/firebase","https://www.googleapis.com/auth/cloud-platform"]
[debug] [2021-01-12T08:48:12.386Z] > authorizing via signed-in user
[info] 
     ######## #### ########  ######## ########     ###     ######  ########
     ##        ##  ##     ## ##       ##     ##  ##   ##  ##       ##
     ######    ##  ########  ######   ########  #########  ######  ######
     ##        ##  ##    ##  ##       ##     ## ##     ##       ## ##
     ##       #### ##     ## ######## ########  ##     ##  ######  ########

You're about to initialize a Firebase project in this directory:

  C:\Users\HP\Downloads\FacebookMessengerClone

[info] 
=== Project Setup
[info] 
[info] First, let's associate this project directory with a Firebase project.
[info] You can create multiple project aliases by running firebase use --add, 
[info] but for now we'll just set up a default project.
[info] 
[info] i  If you want to create a project in a Google Cloud organization or folder, please use "firebase projects:create" instead, and return to this command when you've created the project. 
[debug] [2021-01-12T08:49:53.385Z] ----------------------------------------------------------------------
[debug] [2021-01-12T08:49:53.388Z] Command:       C:\Users\HP\DOWNLO~1\firebase-tools-instant-win.exe C:\Users\HP\.cache\firebase\tools\lib\node_modules\firebase-tools\lib\bin\firebase init
[debug] [2021-01-12T08:49:53.389Z] CLI Version:   9.1.2
[debug] [2021-01-12T08:49:53.389Z] Platform:      win32
[debug] [2021-01-12T08:49:53.389Z] Node Version:  v12.18.1
[debug] [2021-01-12T08:49:53.390Z] Time:          Tue Jan 12 2021 13:49:53 GMT+0500 (Pakistan Standard Time)
[debug] [2021-01-12T08:49:53.391Z] ----------------------------------------------------------------------
[debug] [2021-01-12T08:49:53.391Z] 
[debug] [2021-01-12T08:49:53.401Z] > command requires scopes: ["email","openid","https://www.googleapis.com/auth/cloudplatformprojects.readonly","https://www.googleapis.com/auth/firebase","https://www.googleapis.com/auth/cloud-platform"]
[debug] [2021-01-12T08:49:53.402Z] > authorizing via signed-in user
[info] 
     ######## #### ########  ######## ########     ###     ######  ########
     ##        ##  ##     ## ##       ##     ##  ##   ##  ##       ##
     ######    ##  ########  ######   ########  #########  ######  ######
     ##        ##  ##    ##  ##       ##     ## ##     ##       ## ##
     ##       #### ##     ## ######## ########  ##     ##  ######  ########

You're about to initialize a Firebase project in this directory:

  C:\Users\HP\Downloads\FacebookMessengerClone

[info] 
=== Project Setup
[info] 
[info] First, let's associate this project directory with a Firebase project.
[info] You can create multiple project aliases by running firebase use --add, 
[info] but for now we'll just set up a default project.
[info] 
[debug] [2021-01-12T08:50:03.400Z] >>> HTTP REQUEST GET https://firebase.googleapis.com/v1beta1/projects?pageSize=100  
 
[debug] [2021-01-12T08:50:04.056Z] <<< HTTP RESPONSE 200 {"content-type":"application/json; charset=UTF-8","vary":"X-Origin, Referer, Origin,Accept-Encoding","date":"Tue, 12 Jan 2021 08:50:04 GMT","server":"ESF","cache-control":"private","x-xss-protection":"0","x-frame-options":"SAMEORIGIN","x-content-type-options":"nosniff","alt-svc":"h3-29=\":443\"; ma=2592000,h3-T051=\":443\"; ma=2592000,h3-Q050=\":443\"; ma=2592000,h3-Q046=\":443\"; ma=2592000,h3-Q043=\":443\"; ma=2592000,quic=\":443\"; ma=2592000; v=\"46,43\"","accept-ranges":"none","transfer-encoding":"chunked"}
[info] i  Using project facebook-messenger-clone-fa09d (Facebook-Messenger-Clone) 
[info] 
=== Hosting Setup
[info] 
[info] Your public directory is the folder (relative to your project directory) that
[info] will contain Hosting assets to be uploaded with firebase deploy. If you
[info] have a build process for your assets, use your build's output directory.
[info] 
[debug] [2021-01-12T08:50:31.141Z] >>> [apiv2][query] GET https://www.gstatic.com/firebasejs/releases.json [none]
[debug] [2021-01-12T08:50:31.472Z] <<< [apiv2][status] GET https://www.gstatic.com/firebasejs/releases.json 200
[debug] [2021-01-12T08:50:31.473Z] <<< [apiv2][body] GET https://www.gstatic.com/firebasejs/releases.json {"current":{"version":"8.2.2","browserURL":"https://www.gstatic.com/firebasejs/8.2.2/firebase.js","packageURL":"https://www.gstatic.com/firebasejs/8.2.2/firebase.tgz"},"live":{"version":"8.2","browserURL":"https://www.gstatic.com/firebasejs/live/8.2/firebase.js","packageURL":"https://www.gstatic.com/firebasejs/live/8.2/firebase.tgz"},"components":{"analytics":"https://www.gstatic.com/firebasejs/8.2.2/firebase-analytics.js","app":"https://www.gstatic.com/firebasejs/8.2.2/firebase-app.js","auth":"https://www.gstatic.com/firebasejs/8.2.2/firebase-auth.js","database":"https://www.gstatic.com/firebasejs/8.2.2/firebase-database.js","firestore":"https://www.gstatic.com/firebasejs/8.2.2/firebase-firestore.js","functions":"https://www.gstatic.com/firebasejs/8.2.2/firebase-functions.js","installations":"https://www.gstatic.com/firebasejs/8.2.2/firebase-installations.js","messaging":"https://www.gstatic.com/firebasejs/8.2.2/firebase-messaging.js","storage":"https://www.gstatic.com/firebasejs/8.2.2/firebase-storage.js","performance":"https://www.gstatic.com/firebasejs/8.2.2/firebase-performance.js","remote-config":"https://www.gstatic.com/firebasejs/8.2.2/firebase-remote-config.js","firestore.memory":"https://www.gstatic.com/firebasejs/8.2.2/firebase-firestore.memory.js"}}
[info] +  Wrote public/index.html 
[info] 
[info] i  Didn't detect a .git folder. Assuming C:\Users\HP\Downloads\FacebookMessengerClone is the project root. 
[info] i  Authorizing with GitHub to upload your service account to a GitHub repository's secrets store. 
[info] 
[info] Visit this URL on this device to log in:
[info] https://github.com/login/oauth/authorize?client_id=89cf50f02ac6aaed3484&state=717206251&redirect_uri=http%3A%2F%2Flocalhost%3A9005&scope=read%3Auser%20repo%20public_repo
[info] 
[info] Waiting for authentication...
[debug] [2021-01-12T08:52:20.132Z] >>> HTTP REQUEST POST https://github.com/login/oauth/access_token  
 {"client_id":"89cf50f02ac6aaed3484","client_secret":"3330d14abc895d9a74d5f17cd7a00711fa2c5bf0","code":"47ad39559348a7d8d7d1","redirect_uri":"http://localhost:9005","state":"717206251"}
[debug] [2021-01-12T08:52:20.557Z] <<< HTTP RESPONSE 200 {"date":"Tue, 12 Jan 2021 08:52:20 GMT","content-type":"application/json; charset=utf-8","transfer-encoding":"chunked","server":"GitHub.com","status":"200 OK","vary":"X-PJAX, Accept-Encoding, Accept, X-Requested-With, Accept-Encoding","etag":"W/\"b06475327e274af2ee7cb65770e57ead\"","cache-control":"max-age=0, private, must-revalidate","strict-transport-security":"max-age=31536000; includeSubdomains; preload","x-frame-options":"deny","x-content-type-options":"nosniff","x-xss-protection":"1; mode=block","referrer-policy":"origin-when-cross-origin, strict-origin-when-cross-origin","expect-ct":"max-age=2592000, report-uri=\"https://api.github.com/_private/browser/errors\"","content-security-policy":"default-src 'none'; base-uri 'self'; block-all-mixed-content; connect-src 'self' uploads.github.com www.githubstatus.com collector.githubapp.com api.github.com github-cloud.s3.amazonaws.com github-production-repository-file-5c1aeb.s3.amazonaws.com github-production-upload-manifest-file-7fdce7.s3.amazonaws.com github-production-user-asset-6210df.s3.amazonaws.com cdn.optimizely.com logx.optimizely.com/v1/events wss://alive.github.com; font-src github.githubassets.com; form-action 'self' github.com gist.github.com; frame-ancestors 'none'; frame-src render.githubusercontent.com; img-src 'self' data: github.githubassets.com identicons.github.com collector.githubapp.com github-cloud.s3.amazonaws.com *.githubusercontent.com; manifest-src 'self'; media-src 'none'; script-src github.githubassets.com; style-src 'unsafe-inline' github.githubassets.com; worker-src github.com/socket-worker-5029ae85.js gist.github.com/socket-worker-5029ae85.js","x-github-request-id":"D3F7:3455:19B81C:20CB69:5FFD6344"}
[debug] [2021-01-12T08:52:20.558Z] >>> [apiv2][query] GET https://api.github.com/user [none]
[debug] [2021-01-12T08:52:21.141Z] <<< [apiv2][status] GET https://api.github.com/user 200
[debug] [2021-01-12T08:52:21.141Z] <<< [apiv2][body] GET https://api.github.com/user {"login":"Bilal815","id":62904483,"node_id":"MDQ6VXNlcjYyOTA0NDgz","avatar_url":"https://avatars3.githubusercontent.com/u/62904483?v=4","gravatar_id":"","url":"https://api.github.com/users/Bilal815","html_url":"https://github.com/Bilal815","followers_url":"https://api.github.com/users/Bilal815/followers","following_url":"https://api.github.com/users/Bilal815/following{/other_user}","gists_url":"https://api.github.com/users/Bilal815/gists{/gist_id}","starred_url":"https://api.github.com/users/Bilal815/starred{/owner}{/repo}","subscriptions_url":"https://api.github.com/users/Bilal815/subscriptions","organizations_url":"https://api.github.com/users/Bilal815/orgs","repos_url":"https://api.github.com/users/Bilal815/repos","events_url":"https://api.github.com/users/Bilal815/events{/privacy}","received_events_url":"https://api.github.com/users/Bilal815/received_events","type":"User","site_admin":false,"name":"Bilal Ahmed","company":null,"blog":"","location":null,"email":null,"hireable":null,"bio":"Passionate Developer with a growth mindset","twitter_username":null,"public_repos":23,"public_gists":0,"followers":1,"following":3,"created_at":"2020-03-30T18:24:35Z","updated_at":"2021-01-12T08:50:57Z","private_gists":0,"total_private_repos":1,"owned_private_repos":1,"disk_usage":12967,"collaborators":0,"two_factor_authentication":false,"plan":{"name":"free","space":976562499,"collaborators":0,"private_repos":10000}}
[info] 
[info] +  Success! Logged into GitHub as Bilal815 
[info] 
